mode: set
github.com/imysm/db-backup/internal/api/handler/alert.go:16.49,18.2 1 0
github.com/imysm/db-backup/internal/api/handler/alert.go:48.53,56.2 1 0
github.com/imysm/db-backup/internal/api/handler/alert.go:59.54,67.47 2 0
github.com/imysm/db-backup/internal/api/handler/alert.go:67.47,70.3 2 0
github.com/imysm/db-backup/internal/api/handler/alert.go:72.2,80.4 1 0
github.com/imysm/db-backup/internal/api/handler/alert.go:84.54,86.2 1 0
github.com/imysm/db-backup/internal/api/handler/alert.go:89.54,91.2 1 0
github.com/imysm/db-backup/internal/api/handler/alert.go:94.52,96.2 1 0
github.com/imysm/db-backup/internal/api/handler/alert.go:99.50,107.2 1 0
github.com/imysm/db-backup/internal/api/handler/alert.go:110.51,118.47 2 0
github.com/imysm/db-backup/internal/api/handler/alert.go:118.47,121.3 2 0
github.com/imysm/db-backup/internal/api/handler/alert.go:123.2,131.4 1 0
github.com/imysm/db-backup/internal/api/handler/alert.go:135.51,137.2 1 0
github.com/imysm/db-backup/internal/api/handler/alert.go:140.51,142.2 1 0
github.com/imysm/db-backup/internal/api/handler/alert.go:145.49,147.2 1 0
github.com/imysm/db-backup/internal/api/handler/alert.go:150.51,158.2 1 0
github.com/imysm/db-backup/internal/api/handler/alert.go:161.49,171.2 1 0
github.com/imysm/db-backup/internal/api/handler/alert.go:174.57,176.2 1 0
github.com/imysm/db-backup/internal/api/handler/alert.go:179.53,181.2 1 0
github.com/imysm/db-backup/internal/api/handler/alert.go:184.54,198.2 1 0
github.com/imysm/db-backup/internal/api/handler/alert.go:201.51,212.2 1 0
github.com/imysm/db-backup/internal/api/handler/approval.go:16.55,18.2 1 0
github.com/imysm/db-backup/internal/api/handler/approval.go:39.57,53.2 1 0
github.com/imysm/db-backup/internal/api/handler/approval.go:56.55,68.2 1 0
github.com/imysm/db-backup/internal/api/handler/approval.go:71.51,73.2 1 0
github.com/imysm/db-backup/internal/api/handler/approval.go:76.50,78.2 1 0
github.com/imysm/db-backup/internal/api/handler/approval.go:81.50,83.2 1 0
github.com/imysm/db-backup/internal/api/handler/approval.go:86.56,93.2 1 0
github.com/imysm/db-backup/internal/api/handler/health.go:19.61,21.2 1 0
github.com/imysm/db-backup/internal/api/handler/health.go:41.62,54.2 6 0
github.com/imysm/db-backup/internal/api/handler/health.go:57.66,66.16 3 0
github.com/imysm/db-backup/internal/api/handler/health.go:66.16,69.3 2 0
github.com/imysm/db-backup/internal/api/handler/health.go:69.8,69.44 1 0
github.com/imysm/db-backup/internal/api/handler/health.go:69.44,72.3 2 0
github.com/imysm/db-backup/internal/api/handler/health.go:74.2,74.43 1 0
github.com/imysm/db-backup/internal/api/handler/health.go:78.68,89.16 5 0
github.com/imysm/db-backup/internal/api/handler/health.go:89.16,92.3 2 0
github.com/imysm/db-backup/internal/api/handler/health.go:92.8,92.25 1 0
github.com/imysm/db-backup/internal/api/handler/health.go:92.25,95.3 2 0
github.com/imysm/db-backup/internal/api/handler/health.go:95.8,97.3 1 0
github.com/imysm/db-backup/internal/api/handler/health.go:99.2,99.43 1 0
github.com/imysm/db-backup/internal/api/handler/health.go:103.71,115.16 6 0
github.com/imysm/db-backup/internal/api/handler/health.go:115.16,118.3 2 0
github.com/imysm/db-backup/internal/api/handler/health.go:118.8,118.72 1 0
github.com/imysm/db-backup/internal/api/handler/health.go:118.72,121.3 2 0
github.com/imysm/db-backup/internal/api/handler/health.go:121.8,123.3 1 0
github.com/imysm/db-backup/internal/api/handler/health.go:125.2,125.43 1 0
github.com/imysm/db-backup/internal/api/handler/health.go:129.67,133.36 3 0
github.com/imysm/db-backup/internal/api/handler/health.go:133.36,134.22 1 0
github.com/imysm/db-backup/internal/api/handler/health.go:135.15,136.15 1 0
github.com/imysm/db-backup/internal/api/handler/health.go:137.18,138.15 1 0
github.com/imysm/db-backup/internal/api/handler/health.go:142.2,143.22 2 0
github.com/imysm/db-backup/internal/api/handler/health.go:143.22,145.3 1 0
github.com/imysm/db-backup/internal/api/handler/health.go:147.2,147.9 1 0
github.com/imysm/db-backup/internal/api/handler/health.go:148.26,149.27 1 0
github.com/imysm/db-backup/internal/api/handler/health.go:150.26,151.27 1 0
github.com/imysm/db-backup/internal/api/handler/health.go:152.10,153.28 1 0
github.com/imysm/db-backup/internal/api/handler/health.go:158.42,160.2 1 0
github.com/imysm/db-backup/internal/api/handler/job.go:25.73,31.2 1 1
github.com/imysm/db-backup/internal/api/handler/job.go:34.43,39.14 4 1
github.com/imysm/db-backup/internal/api/handler/job.go:39.14,41.3 1 1
github.com/imysm/db-backup/internal/api/handler/job.go:42.2,42.18 1 1
github.com/imysm/db-backup/internal/api/handler/job.go:42.18,44.3 1 1
github.com/imysm/db-backup/internal/api/handler/job.go:45.2,50.47 3 1
github.com/imysm/db-backup/internal/api/handler/job.go:50.47,52.3 1 1
github.com/imysm/db-backup/internal/api/handler/job.go:53.2,53.54 1 1
github.com/imysm/db-backup/internal/api/handler/job.go:53.54,55.3 1 1
github.com/imysm/db-backup/internal/api/handler/job.go:56.2,56.56 1 1
github.com/imysm/db-backup/internal/api/handler/job.go:56.56,59.3 2 1
github.com/imysm/db-backup/internal/api/handler/job.go:61.2,64.79 3 1
github.com/imysm/db-backup/internal/api/handler/job.go:64.79,67.3 2 0
github.com/imysm/db-backup/internal/api/handler/job.go:69.2,78.4 1 1
github.com/imysm/db-backup/internal/api/handler/job.go:82.42,84.16 2 1
github.com/imysm/db-backup/internal/api/handler/job.go:84.16,87.3 2 1
github.com/imysm/db-backup/internal/api/handler/job.go:89.2,90.51 2 1
github.com/imysm/db-backup/internal/api/handler/job.go:90.51,91.36 1 1
github.com/imysm/db-backup/internal/api/handler/job.go:91.36,94.4 2 1
github.com/imysm/db-backup/internal/api/handler/job.go:95.3,96.9 2 0
github.com/imysm/db-backup/internal/api/handler/job.go:99.2,99.31 1 1
github.com/imysm/db-backup/internal/api/handler/job.go:103.45,105.47 2 1
github.com/imysm/db-backup/internal/api/handler/job.go:105.47,108.3 2 1
github.com/imysm/db-backup/internal/api/handler/job.go:110.2,125.24 2 1
github.com/imysm/db-backup/internal/api/handler/job.go:125.24,127.17 2 1
github.com/imysm/db-backup/internal/api/handler/job.go:127.17,130.4 2 0
github.com/imysm/db-backup/internal/api/handler/job.go:131.3,131.27 1 1
github.com/imysm/db-backup/internal/api/handler/job.go:134.2,134.27 1 1
github.com/imysm/db-backup/internal/api/handler/job.go:134.27,136.3 1 1
github.com/imysm/db-backup/internal/api/handler/job.go:136.8,138.3 1 1
github.com/imysm/db-backup/internal/api/handler/job.go:140.2,140.26 1 1
github.com/imysm/db-backup/internal/api/handler/job.go:140.26,142.3 1 1
github.com/imysm/db-backup/internal/api/handler/job.go:142.8,144.3 1 1
github.com/imysm/db-backup/internal/api/handler/job.go:146.2,146.48 1 1
github.com/imysm/db-backup/internal/api/handler/job.go:146.48,149.3 2 0
github.com/imysm/db-backup/internal/api/handler/job.go:151.2,151.31 1 1
github.com/imysm/db-backup/internal/api/handler/job.go:155.45,157.16 2 1
github.com/imysm/db-backup/internal/api/handler/job.go:157.16,160.3 2 0
github.com/imysm/db-backup/internal/api/handler/job.go:162.2,163.51 2 1
github.com/imysm/db-backup/internal/api/handler/job.go:163.51,166.3 2 0
github.com/imysm/db-backup/internal/api/handler/job.go:168.2,169.47 2 1
github.com/imysm/db-backup/internal/api/handler/job.go:169.47,172.3 2 0
github.com/imysm/db-backup/internal/api/handler/job.go:174.2,176.20 2 1
github.com/imysm/db-backup/internal/api/handler/job.go:176.20,178.3 1 1
github.com/imysm/db-backup/internal/api/handler/job.go:179.2,179.24 1 1
github.com/imysm/db-backup/internal/api/handler/job.go:179.24,181.3 1 1
github.com/imysm/db-backup/internal/api/handler/job.go:182.2,182.27 1 1
github.com/imysm/db-backup/internal/api/handler/job.go:182.27,184.3 1 1
github.com/imysm/db-backup/internal/api/handler/job.go:185.2,185.27 1 1
github.com/imysm/db-backup/internal/api/handler/job.go:185.27,187.3 1 1
github.com/imysm/db-backup/internal/api/handler/job.go:188.2,190.25 3 1
github.com/imysm/db-backup/internal/api/handler/job.go:190.25,192.3 1 0
github.com/imysm/db-backup/internal/api/handler/job.go:193.2,193.22 1 1
github.com/imysm/db-backup/internal/api/handler/job.go:193.22,195.3 1 1
github.com/imysm/db-backup/internal/api/handler/job.go:196.2,196.24 1 1
github.com/imysm/db-backup/internal/api/handler/job.go:196.24,198.3 1 1
github.com/imysm/db-backup/internal/api/handler/job.go:200.2,200.64 1 1
github.com/imysm/db-backup/internal/api/handler/job.go:200.64,203.3 2 0
github.com/imysm/db-backup/internal/api/handler/job.go:205.2,205.31 1 1
github.com/imysm/db-backup/internal/api/handler/job.go:209.45,211.16 2 1
github.com/imysm/db-backup/internal/api/handler/job.go:211.16,214.3 2 1
github.com/imysm/db-backup/internal/api/handler/job.go:216.2,216.66 1 1
github.com/imysm/db-backup/internal/api/handler/job.go:216.66,219.3 2 0
github.com/imysm/db-backup/internal/api/handler/job.go:221.2,221.31 1 1
github.com/imysm/db-backup/internal/api/handler/job.go:225.42,227.16 2 1
github.com/imysm/db-backup/internal/api/handler/job.go:227.16,230.3 2 0
github.com/imysm/db-backup/internal/api/handler/job.go:233.2,234.51 2 1
github.com/imysm/db-backup/internal/api/handler/job.go:234.51,235.36 1 1
github.com/imysm/db-backup/internal/api/handler/job.go:235.36,238.4 2 1
github.com/imysm/db-backup/internal/api/handler/job.go:239.3,240.9 2 0
github.com/imysm/db-backup/internal/api/handler/job.go:244.2,244.18 1 0
github.com/imysm/db-backup/internal/api/handler/job.go:244.18,247.3 2 0
github.com/imysm/db-backup/internal/api/handler/job.go:250.2,251.16 2 0
github.com/imysm/db-backup/internal/api/handler/job.go:251.16,254.3 2 0
github.com/imysm/db-backup/internal/api/handler/job.go:256.2,260.5 1 0
github.com/imysm/db-backup/internal/api/handler/job.go:264.53,266.16 2 1
github.com/imysm/db-backup/internal/api/handler/job.go:266.16,269.3 2 0
github.com/imysm/db-backup/internal/api/handler/job.go:271.2,272.51 2 1
github.com/imysm/db-backup/internal/api/handler/job.go:272.51,273.36 1 1
github.com/imysm/db-backup/internal/api/handler/job.go:273.36,276.4 2 1
github.com/imysm/db-backup/internal/api/handler/job.go:277.3,278.9 2 0
github.com/imysm/db-backup/internal/api/handler/job.go:282.2,288.16 5 1
github.com/imysm/db-backup/internal/api/handler/job.go:288.16,295.3 2 1
github.com/imysm/db-backup/internal/api/handler/job.go:296.2,302.5 2 1
github.com/imysm/db-backup/internal/api/handler/job.go:306.47,310.20 2 1
github.com/imysm/db-backup/internal/api/handler/job.go:310.20,312.17 2 1
github.com/imysm/db-backup/internal/api/handler/job.go:312.17,315.4 2 0
github.com/imysm/db-backup/internal/api/handler/job.go:317.3,318.52 2 1
github.com/imysm/db-backup/internal/api/handler/job.go:318.52,319.37 1 0
github.com/imysm/db-backup/internal/api/handler/job.go:319.37,322.5 2 0
github.com/imysm/db-backup/internal/api/handler/job.go:323.4,324.10 2 0
github.com/imysm/db-backup/internal/api/handler/job.go:326.3,326.26 1 1
github.com/imysm/db-backup/internal/api/handler/job.go:331.2,333.16 3 1
github.com/imysm/db-backup/internal/api/handler/job.go:333.16,336.3 2 1
github.com/imysm/db-backup/internal/api/handler/job.go:339.2,341.25 3 1
github.com/imysm/db-backup/internal/api/handler/job.go:341.25,345.3 3 1
github.com/imysm/db-backup/internal/api/handler/job.go:347.2,349.5 1 1
github.com/imysm/db-backup/internal/api/handler/metrics.go:12.42,14.2 1 0
github.com/imysm/db-backup/internal/api/handler/metrics.go:17.52,18.30 1 0
github.com/imysm/db-backup/internal/api/handler/metrics.go:18.30,20.3 1 0
github.com/imysm/db-backup/internal/api/handler/record.go:26.51,32.2 1 1
github.com/imysm/db-backup/internal/api/handler/record.go:35.81,41.2 1 1
github.com/imysm/db-backup/internal/api/handler/record.go:44.46,50.14 4 1
github.com/imysm/db-backup/internal/api/handler/record.go:50.14,52.3 1 1
github.com/imysm/db-backup/internal/api/handler/record.go:53.2,53.18 1 1
github.com/imysm/db-backup/internal/api/handler/record.go:53.18,55.3 1 1
github.com/imysm/db-backup/internal/api/handler/record.go:56.2,62.17 4 1
github.com/imysm/db-backup/internal/api/handler/record.go:62.17,64.3 1 1
github.com/imysm/db-backup/internal/api/handler/record.go:65.2,65.47 1 1
github.com/imysm/db-backup/internal/api/handler/record.go:65.47,67.3 1 1
github.com/imysm/db-backup/internal/api/handler/record.go:68.2,68.57 1 1
github.com/imysm/db-backup/internal/api/handler/record.go:68.57,70.3 1 1
github.com/imysm/db-backup/internal/api/handler/record.go:71.2,71.51 1 1
github.com/imysm/db-backup/internal/api/handler/record.go:71.51,73.3 1 1
github.com/imysm/db-backup/internal/api/handler/record.go:76.2,79.32 4 1
github.com/imysm/db-backup/internal/api/handler/record.go:79.32,81.3 1 0
github.com/imysm/db-backup/internal/api/handler/record.go:82.2,82.47 1 1
github.com/imysm/db-backup/internal/api/handler/record.go:82.47,84.3 1 0
github.com/imysm/db-backup/internal/api/handler/record.go:85.2,92.97 4 1
github.com/imysm/db-backup/internal/api/handler/record.go:92.97,95.3 2 0
github.com/imysm/db-backup/internal/api/handler/record.go:97.2,106.4 1 1
github.com/imysm/db-backup/internal/api/handler/record.go:110.45,112.16 2 1
github.com/imysm/db-backup/internal/api/handler/record.go:112.16,115.3 2 1
github.com/imysm/db-backup/internal/api/handler/record.go:117.2,118.54 2 1
github.com/imysm/db-backup/internal/api/handler/record.go:118.54,119.36 1 1
github.com/imysm/db-backup/internal/api/handler/record.go:119.36,122.4 2 1
github.com/imysm/db-backup/internal/api/handler/record.go:123.3,124.9 2 0
github.com/imysm/db-backup/internal/api/handler/record.go:127.2,127.34 1 1
github.com/imysm/db-backup/internal/api/handler/record.go:131.48,133.16 2 1
github.com/imysm/db-backup/internal/api/handler/record.go:133.16,136.3 2 1
github.com/imysm/db-backup/internal/api/handler/record.go:138.2,139.54 2 1
github.com/imysm/db-backup/internal/api/handler/record.go:139.54,140.36 1 1
github.com/imysm/db-backup/internal/api/handler/record.go:140.36,143.4 2 1
github.com/imysm/db-backup/internal/api/handler/record.go:144.3,145.9 2 0
github.com/imysm/db-backup/internal/api/handler/record.go:149.2,150.61 2 1
github.com/imysm/db-backup/internal/api/handler/record.go:150.61,153.3 2 0
github.com/imysm/db-backup/internal/api/handler/record.go:156.2,160.16 3 1
github.com/imysm/db-backup/internal/api/handler/record.go:160.16,163.3 2 0
github.com/imysm/db-backup/internal/api/handler/record.go:166.2,169.49 4 1
github.com/imysm/db-backup/internal/api/handler/record.go:169.49,172.3 2 0
github.com/imysm/db-backup/internal/api/handler/record.go:174.2,180.5 1 1
github.com/imysm/db-backup/internal/api/handler/record.go:184.50,186.16 2 1
github.com/imysm/db-backup/internal/api/handler/record.go:186.16,189.3 2 1
github.com/imysm/db-backup/internal/api/handler/record.go:191.2,192.54 2 1
github.com/imysm/db-backup/internal/api/handler/record.go:192.54,193.36 1 1
github.com/imysm/db-backup/internal/api/handler/record.go:193.36,196.4 2 1
github.com/imysm/db-backup/internal/api/handler/record.go:197.3,198.9 2 0
github.com/imysm/db-backup/internal/api/handler/record.go:202.2,203.61 2 1
github.com/imysm/db-backup/internal/api/handler/record.go:203.61,206.3 2 0
github.com/imysm/db-backup/internal/api/handler/record.go:209.2,210.23 2 1
github.com/imysm/db-backup/internal/api/handler/record.go:210.23,213.3 2 0
github.com/imysm/db-backup/internal/api/handler/record.go:216.2,216.76 1 1
github.com/imysm/db-backup/internal/api/handler/record.go:216.76,219.3 2 0
github.com/imysm/db-backup/internal/api/handler/record.go:221.2,221.25 1 1
github.com/imysm/db-backup/internal/api/handler/record.go:225.48,227.16 2 1
github.com/imysm/db-backup/internal/api/handler/record.go:227.16,230.3 2 1
github.com/imysm/db-backup/internal/api/handler/record.go:233.2,234.54 2 1
github.com/imysm/db-backup/internal/api/handler/record.go:234.54,235.36 1 1
github.com/imysm/db-backup/internal/api/handler/record.go:235.36,238.4 2 1
github.com/imysm/db-backup/internal/api/handler/record.go:239.3,240.9 2 0
github.com/imysm/db-backup/internal/api/handler/record.go:244.2,244.47 1 1
github.com/imysm/db-backup/internal/api/handler/record.go:244.47,245.80 1 1
github.com/imysm/db-backup/internal/api/handler/record.go:245.80,251.4 1 1
github.com/imysm/db-backup/internal/api/handler/record.go:254.2,254.69 1 1
github.com/imysm/db-backup/internal/api/handler/record.go:254.69,257.3 2 0
github.com/imysm/db-backup/internal/api/handler/record.go:259.2,259.31 1 1
github.com/imysm/db-backup/internal/api/handler/record.go:268.57,269.32 1 1
github.com/imysm/db-backup/internal/api/handler/record.go:269.32,271.3 1 0
github.com/imysm/db-backup/internal/api/handler/record.go:272.2,273.74 2 1
github.com/imysm/db-backup/internal/api/handler/record.go:273.74,275.3 1 0
github.com/imysm/db-backup/internal/api/handler/record.go:276.2,276.16 1 1
github.com/imysm/db-backup/internal/api/handler/restore.go:26.53,28.2 1 1
github.com/imysm/db-backup/internal/api/handler/restore.go:62.50,64.47 2 1
github.com/imysm/db-backup/internal/api/handler/restore.go:64.47,67.3 2 1
github.com/imysm/db-backup/internal/api/handler/restore.go:70.2,71.64 2 1
github.com/imysm/db-backup/internal/api/handler/restore.go:71.64,72.36 1 1
github.com/imysm/db-backup/internal/api/handler/restore.go:72.36,75.4 2 1
github.com/imysm/db-backup/internal/api/handler/restore.go:76.3,77.9 2 0
github.com/imysm/db-backup/internal/api/handler/restore.go:81.2,82.61 2 1
github.com/imysm/db-backup/internal/api/handler/restore.go:82.61,85.3 2 0
github.com/imysm/db-backup/internal/api/handler/restore.go:88.2,89.16 2 1
github.com/imysm/db-backup/internal/api/handler/restore.go:89.16,92.3 2 0
github.com/imysm/db-backup/internal/api/handler/restore.go:95.2,108.23 3 1
github.com/imysm/db-backup/internal/api/handler/restore.go:108.23,111.3 2 0
github.com/imysm/db-backup/internal/api/handler/restore.go:112.2,112.76 1 1
github.com/imysm/db-backup/internal/api/handler/restore.go:112.76,115.3 2 0
github.com/imysm/db-backup/internal/api/handler/restore.go:118.2,118.33 1 1
github.com/imysm/db-backup/internal/api/handler/restore.go:118.33,120.3 1 0
github.com/imysm/db-backup/internal/api/handler/restore.go:121.2,121.32 1 1
github.com/imysm/db-backup/internal/api/handler/restore.go:121.32,122.27 1 0
github.com/imysm/db-backup/internal/api/handler/restore.go:123.35,124.32 1 0
github.com/imysm/db-backup/internal/api/handler/restore.go:125.32,126.32 1 0
github.com/imysm/db-backup/internal/api/handler/restore.go:127.34,128.33 1 0
github.com/imysm/db-backup/internal/api/handler/restore.go:133.2,134.16 2 1
github.com/imysm/db-backup/internal/api/handler/restore.go:134.16,144.3 2 1
github.com/imysm/db-backup/internal/api/handler/restore.go:146.2,158.38 2 0
github.com/imysm/db-backup/internal/api/handler/restore.go:158.38,168.3 3 0
github.com/imysm/db-backup/internal/api/handler/restore.go:172.51,174.16 2 1
github.com/imysm/db-backup/internal/api/handler/restore.go:174.16,177.3 2 1
github.com/imysm/db-backup/internal/api/handler/restore.go:180.2,181.54 2 1
github.com/imysm/db-backup/internal/api/handler/restore.go:181.54,182.36 1 1
github.com/imysm/db-backup/internal/api/handler/restore.go:182.36,185.4 2 1
github.com/imysm/db-backup/internal/api/handler/restore.go:186.3,187.9 2 0
github.com/imysm/db-backup/internal/api/handler/restore.go:191.2,191.60 1 1
github.com/imysm/db-backup/internal/api/handler/restore.go:191.60,202.3 2 1
github.com/imysm/db-backup/internal/api/handler/restore.go:204.2,213.4 1 1
github.com/imysm/db-backup/internal/api/handler/restore.go:217.47,222.14 4 1
github.com/imysm/db-backup/internal/api/handler/restore.go:222.14,224.3 1 0
github.com/imysm/db-backup/internal/api/handler/restore.go:225.2,225.18 1 1
github.com/imysm/db-backup/internal/api/handler/restore.go:225.18,227.3 1 0
github.com/imysm/db-backup/internal/api/handler/restore.go:228.2,228.20 1 1
github.com/imysm/db-backup/internal/api/handler/restore.go:228.20,230.3 1 0
github.com/imysm/db-backup/internal/api/handler/restore.go:231.2,239.107 5 1
github.com/imysm/db-backup/internal/api/handler/restore.go:239.107,242.3 2 0
github.com/imysm/db-backup/internal/api/handler/restore.go:244.2,253.4 1 1
github.com/imysm/db-backup/internal/api/handler/restore.go:257.55,259.16 2 0
github.com/imysm/db-backup/internal/api/handler/restore.go:259.16,262.3 2 0
github.com/imysm/db-backup/internal/api/handler/restore.go:264.2,265.54 2 0
github.com/imysm/db-backup/internal/api/handler/restore.go:265.54,266.36 1 0
github.com/imysm/db-backup/internal/api/handler/restore.go:266.36,269.4 2 0
github.com/imysm/db-backup/internal/api/handler/restore.go:270.3,271.9 2 0
github.com/imysm/db-backup/internal/api/handler/restore.go:275.2,284.28 7 0
github.com/imysm/db-backup/internal/api/handler/restore.go:284.28,288.3 3 0
github.com/imysm/db-backup/internal/api/handler/restore.go:288.8,288.29 1 0
github.com/imysm/db-backup/internal/api/handler/restore.go:288.29,292.3 3 0
github.com/imysm/db-backup/internal/api/handler/restore.go:292.8,295.3 2 0
github.com/imysm/db-backup/internal/api/handler/restore.go:296.2,300.48 3 0
github.com/imysm/db-backup/internal/api/handler/restore.go:300.48,304.21 4 0
github.com/imysm/db-backup/internal/api/handler/restore.go:304.21,308.4 3 0
github.com/imysm/db-backup/internal/api/handler/restore.go:308.9,312.4 3 0
github.com/imysm/db-backup/internal/api/handler/restore.go:313.8,316.3 2 0
github.com/imysm/db-backup/internal/api/handler/restore.go:317.2,321.36 3 0
github.com/imysm/db-backup/internal/api/handler/restore.go:321.36,324.54 3 0
github.com/imysm/db-backup/internal/api/handler/restore.go:324.54,328.4 3 0
github.com/imysm/db-backup/internal/api/handler/restore.go:328.9,333.25 5 0
github.com/imysm/db-backup/internal/api/handler/restore.go:333.25,335.5 1 0
github.com/imysm/db-backup/internal/api/handler/restore.go:337.8,340.3 2 0
github.com/imysm/db-backup/internal/api/handler/restore.go:341.2,350.4 2 0
github.com/imysm/db-backup/internal/api/handler/restore.go:354.52,356.16 2 0
github.com/imysm/db-backup/internal/api/handler/restore.go:356.16,359.3 2 0
github.com/imysm/db-backup/internal/api/handler/restore.go:361.2,362.98 2 0
github.com/imysm/db-backup/internal/api/handler/restore.go:362.98,363.36 1 0
github.com/imysm/db-backup/internal/api/handler/restore.go:363.36,366.4 2 0
github.com/imysm/db-backup/internal/api/handler/restore.go:367.3,368.9 2 0
github.com/imysm/db-backup/internal/api/handler/restore.go:372.2,374.68 3 0
github.com/imysm/db-backup/internal/api/handler/restore.go:374.68,376.3 1 0
github.com/imysm/db-backup/internal/api/handler/restore.go:378.2,389.4 1 0
github.com/imysm/db-backup/internal/api/handler/restore.go:393.41,394.16 1 0
github.com/imysm/db-backup/internal/api/handler/restore.go:394.16,396.3 1 0
github.com/imysm/db-backup/internal/api/handler/restore.go:397.2,401.38 5 0
github.com/imysm/db-backup/internal/api/handler/restore.go:401.38,404.3 2 0
github.com/imysm/db-backup/internal/api/handler/restore.go:405.2,405.46 1 0
github.com/imysm/db-backup/internal/api/handler/stats.go:17.49,19.2 1 1
github.com/imysm/db-backup/internal/api/handler/stats.go:45.49,71.19 18 1
github.com/imysm/db-backup/internal/api/handler/stats.go:71.19,75.3 2 1
github.com/imysm/db-backup/internal/api/handler/stats.go:78.2,92.26 6 1
github.com/imysm/db-backup/internal/api/handler/stats.go:92.26,107.3 7 1
github.com/imysm/db-backup/internal/api/handler/stats.go:109.2,124.4 1 1
github.com/imysm/db-backup/internal/api/handler/storage.go:17.53,19.2 1 0
github.com/imysm/db-backup/internal/api/handler/storage.go:22.51,42.2 5 0
github.com/imysm/db-backup/internal/api/handler/storage.go:45.54,51.45 3 0
github.com/imysm/db-backup/internal/api/handler/storage.go:51.45,53.3 1 0
github.com/imysm/db-backup/internal/api/handler/storage.go:56.2,56.47 1 0
github.com/imysm/db-backup/internal/api/handler/storage.go:56.47,58.3 1 0
github.com/imysm/db-backup/internal/api/handler/storage.go:60.2,63.28 3 0
github.com/imysm/db-backup/internal/api/handler/storage.go:63.28,69.3 1 0
github.com/imysm/db-backup/internal/api/handler/storage.go:71.2,77.4 1 0
github.com/imysm/db-backup/internal/api/handler/verify.go:20.51,22.2 1 1
github.com/imysm/db-backup/internal/api/handler/verify.go:25.54,27.16 2 1
github.com/imysm/db-backup/internal/api/handler/verify.go:27.16,30.3 2 1
github.com/imysm/db-backup/internal/api/handler/verify.go:33.2,34.54 2 1
github.com/imysm/db-backup/internal/api/handler/verify.go:34.54,35.36 1 0
github.com/imysm/db-backup/internal/api/handler/verify.go:35.36,38.4 2 0
github.com/imysm/db-backup/internal/api/handler/verify.go:39.3,40.9 2 0
github.com/imysm/db-backup/internal/api/handler/verify.go:44.2,45.61 2 1
github.com/imysm/db-backup/internal/api/handler/verify.go:45.61,48.3 2 0
github.com/imysm/db-backup/internal/api/handler/verify.go:51.2,55.16 3 1
github.com/imysm/db-backup/internal/api/handler/verify.go:55.16,58.3 2 0
github.com/imysm/db-backup/internal/api/handler/verify.go:61.2,75.4 5 1
github.com/imysm/db-backup/internal/api/handler/verify.go:79.53,81.16 2 1
github.com/imysm/db-backup/internal/api/handler/verify.go:81.16,84.3 2 1
github.com/imysm/db-backup/internal/api/handler/verify.go:87.2,88.54 2 1
github.com/imysm/db-backup/internal/api/handler/verify.go:88.54,89.36 1 0
github.com/imysm/db-backup/internal/api/handler/verify.go:89.36,92.4 2 0
github.com/imysm/db-backup/internal/api/handler/verify.go:93.3,94.9 2 0
github.com/imysm/db-backup/internal/api/handler/verify.go:98.2,99.61 2 1
github.com/imysm/db-backup/internal/api/handler/verify.go:99.61,102.3 2 0
github.com/imysm/db-backup/internal/api/handler/verify.go:105.2,109.16 3 1
github.com/imysm/db-backup/internal/api/handler/verify.go:109.16,119.3 2 1
github.com/imysm/db-backup/internal/api/handler/verify.go:121.2,127.4 1 0
github.com/imysm/db-backup/internal/api/handler/verify.go:136.53,138.47 2 0
github.com/imysm/db-backup/internal/api/handler/verify.go:138.47,141.3 2 0
github.com/imysm/db-backup/internal/api/handler/verify.go:143.2,143.23 1 0
github.com/imysm/db-backup/internal/api/handler/verify.go:143.23,146.3 2 0
github.com/imysm/db-backup/internal/api/handler/verify.go:148.2,149.29 2 0
github.com/imysm/db-backup/internal/api/handler/verify.go:149.29,151.55 2 0
github.com/imysm/db-backup/internal/api/handler/verify.go:151.55,157.12 2 0
github.com/imysm/db-backup/internal/api/handler/verify.go:160.3,161.62 2 0
github.com/imysm/db-backup/internal/api/handler/verify.go:161.62,167.12 2 0
github.com/imysm/db-backup/internal/api/handler/verify.go:170.3,172.17 3 0
github.com/imysm/db-backup/internal/api/handler/verify.go:172.17,178.12 2 0
github.com/imysm/db-backup/internal/api/handler/verify.go:181.3,193.5 5 0
github.com/imysm/db-backup/internal/api/handler/verify.go:196.2,202.26 1 0
github.com/imysm/db-backup/internal/api/handler/verify.go:202.26,202.62 2 0
github.com/imysm/db-backup/internal/api/handler/verify.go:202.62,202.86 1 0
github.com/imysm/db-backup/internal/api/handler/verify.go:202.86,202.93 1 0
github.com/imysm/db-backup/internal/api/handler/verify.go:202.97,202.105 1 0
